Angels We Have Heard on High
anglhigh
Away in a Manger
away
Blue Christmas
bluexmas
Bring a Torch, Jeannette, Isabella
torch
Carol of the Bells (1)
MSRbells
Carol of the Bells (2)
bells2
Christmas Song (1)
chstnut1
Christmas Song (2)
chstnut2
Christmas Melodies
christme
Christmas Medley
xmastune
Dance of the Sugar Plum Fairy
sugarplm
Deck the Halls (1)
deckhll1
Deck the Halls (2)
deckhll2
Do You Hear What I Hear? (1)
hearwht1
Do You Hear What I Hear? (2)
hearwht2
The First Noel (1)
noel1
The First Noel (2)
noel2
Frosty the Snowman (1)
frosty1
Frosty the Snowman (2)
frosty2
God Rest Ye Merry Gentlemen
MSRgdrst
Golden Earrings
goldear
Hark! The Herald Angels Sing  (1)
MSRHark
Hark! The Herald Angels Sing  (2)
hark2
Have a Holly Jolly Christmas
hllyjlly
Here We Come A Sailing
sailing
I Wonder as I Wander
wander
It Came Upon a Midnight Clear
midnight
It's Beginning to Look a Lot Like Christmas
lookxmas
It's the Most Wonderful Time of the Year
wondrful
Jingle Bell Rock
jbllrock
Joy to the World
joyworld
Let it Snow! Let it Snow! Let it Snow! (1)
letsnow1
Let it Snow! Let it Snow! Let it Snow! (2)
letsnow2
O Holy Night
holynite
O Christmas Tree (1)
oxmastr1
O Christmas Tree (2)
oxmastr2
O Come All Ye Faithful
faithful
Peanuts: Christmas is Coming
pchricom
Peanuts: Christmastime
pchristm
Peanuts: Linus Christmas
linusxms
Peanuts: Skating Song
pskating
Rockin' Around the Christmas Tree
rocktree
Rudolph the Red-Nosed Reindeer
rudolph
Santa Claus is Coming to Town
santacmng
Silent Night
silntnt
Silver Bells (1)
slvrbel1
Silver Bells (2)
slvrbel2
So This is Christmas (1)
sothis1
So This is Christmas (2)
sothis2
Still, Still, Still
still
The Holly and the Ivy
hollyivy
There's No Place Like Home For the Holidays
noplace
Up on the Rooftop
rooftop
We Three Kings of Orient Are
wethree
What Child is This?
whtchld
Walking in a Winter Wonderland
winwondr