@Holloween Bat
#bat
@Up Hill Biker
#bike
@Bowling Ball
#bowling
@Computer Gaming
#game
@Computer Problems
#Computerpb
@Dinosaur
#dino
@Diver
#diver
@Diver 2
#diver2
@Dog Wiz
#dogwiz
@Dog Running
#dogrun
@Football
#football
@Funny Cat Face
#funnycat
@Funny Cat Face2
#funnycat2
@Golf Bird
#golfbird
@Golfer
#golfer
@Hiking
#hiking
@Ice Skater
#skater
@Karate Chop
#karate
@Kids Selling Lemonade
#lemonade
@Ladybug
#ladybug
@Mouse
#mouse
@Sking
#sking
@Sking 2
#sking2
@Soccer Player
#soccer
@Sport Fight
#sportfight
@Sport Nut
#sports
@Tennis Racket
#tennisracket
@Tennis Winner
#tenniswin
@Volyball Smash
#volyballsm
@White Dog
#whitedog
@Winner
#winner
@Work Stress
#workstress